<?xml version="1.0" encoding="utf-8"?><testsuites name="pytest tests"><testsuite name="pytest" errors="0" failures="1" skipped="0" tests="17" time="4.385" timestamp="2026-08-09T10:52:56.999189+00:00" hostname="agent-env-aa92d784-209d-420b-95d4-7b624e9e3494"><testcase classname="tests.test_car_qr_incidents.TestAdminQR" name="test_batches_list" time="1.012" /><testcase classname="tests.test_car_qr_incidents.TestAdminQR" name="test_inventory_lists_serials" time="0.104" /><testcase classname="tests.test_car_qr_incidents.TestAdminQR" name="test_csv_export" time="0.146" /><testcase classname="tests.test_car_qr_incidents.TestAdminQR" name="test_stickers_html_public" time="0.206" /><testcase classname="tests.test_car_qr_incidents.TestIncidentAccidentTheft" name="test_accident_creates_incident" time="1.617" /><testcase classname="tests.test_car_qr_incidents.TestAdminQR" name="test_block_and_unblock_serial" time="0.429" /><testcase classname="tests.test_car_qr_incidents.TestIncidentAccidentTheft" name="test_theft_creates_incident" time="0.107" /><testcase classname="tests.test_car_qr_incidents.TestIncidentAccidentTheft" name="test_incident_bad_qr_404" time="0.095" /><testcase classname="tests.test_car_qr_incidents.TestAdminVendors" name="test_create_and_list_vendor" time="0.251"><failure message="assert False&#10; +  where False = any(&lt;generator object TestAdminVendors.test_create_and_list_vendor.&lt;locals&gt;.&lt;genexpr&gt; at 0xf8928188fbc0&gt;)">backend/tests/test_car_qr_incidents.py:129: in test_create_and_list_vendor
    assert any(v.get("id") == vid for v in vendors)
E   assert False
E    +  where False = any(&lt;generator object TestAdminVendors.test_create_and_list_vendor.&lt;locals&gt;.&lt;genexpr&gt; at 0xf8928188fbc0&gt;)</failure></testcase><testcase classname="tests.test_car_qr_incidents.TestAdminQR" name="test_mark_sold_range" time="0.137" /><testcase classname="tests.test_car_qr_incidents.TestAdminIncidents" name="test_stats_and_list" time="0.098" /><testcase classname="tests.test_car_qr_incidents.TestAdminVendors" name="test_vendor_summary" time="0.100" /><testcase classname="tests.test_car_qr_incidents.TestAdminIncidents" name="test_filter_by_type" time="0.113" /><testcase classname="tests.test_car_qr_incidents.TestClaimActivation" name="test_claim_requires_auth" time="0.093" /><testcase classname="tests.test_car_qr_incidents.TestClaimActivation" name="test_claim_double_conflict" time="0.287" /><testcase classname="tests.test_car_qr_incidents.TestAdminIncidents" name="test_admin_only" time="0.413" /><testcase classname="tests.test_car_qr_incidents.TestIncidentWrongParking" name="test_full_wrong_parking_lifecycle" time="1.206" /></testsuite></testsuites>