<?xml version="1.0" encoding="utf-8"?><testsuites name="pytest tests"><testsuite name="pytest" errors="0" failures="0" skipped="0" tests="10" time="4.448" timestamp="2026-08-09T12:43:12.061690+00:00" hostname="agent-env-aa92d784-209d-420b-95d4-7b624e9e3494"><testcase classname="tests.test_dealer_and_masked_call.TestDealerAuth" name="test_dealer_login_shape" time="0.413" /><testcase classname="tests.test_dealer_and_masked_call.TestAdminCreateDealerLogin" name="test_create_vendor_and_login" time="1.810" /><testcase classname="tests.test_dealer_and_masked_call.TestDealerAuth" name="test_dealer_me" time="0.263" /><testcase classname="tests.test_dealer_and_masked_call.TestDealerAuth" name="test_dealer_inventory_scoping" time="0.107" /><testcase classname="tests.test_dealer_and_masked_call.TestDealerAuth" name="test_dealer_cannot_access_admin" time="0.306" /><testcase classname="tests.test_dealer_and_masked_call.TestDealerAuth" name="test_owner_cannot_access_dealer" time="0.569" /><testcase classname="tests.test_dealer_and_masked_call.TestBrand" name="test_public_qr_endpoint_up" time="0.187" /><testcase classname="tests.test_dealer_and_masked_call.TestAdminCreateDealerLogin" name="test_create_account_duplicate_email" time="0.205" /><testcase classname="tests.test_dealer_and_masked_call.TestMaskedCall" name="test_call_returns_connecting_or_calling" time="1.254" /><testcase classname="tests.test_dealer_and_masked_call.TestMaskedCall" name="test_call_without_phone_needs_phone" time="0.687" /></testsuite></testsuites>