<?xml version="1.0" encoding="utf-8"?><testsuites name="pytest tests"><testsuite name="pytest" errors="0" failures="0" skipped="0" tests="12" time="17.122" timestamp="2026-08-17T09:34:58.072512+00:00" hostname="agent-env-aa92d784-209d-420b-95d4-7b624e9e3494"><testcase classname="tests.test_safety_community.TestLinkChecker" name="test_link_check_unconfigured" time="0.617" /><testcase classname="tests.test_safety_community.TestLinkChecker" name="test_link_check_requires_auth" time="0.111" /><testcase classname="tests.test_safety_community.TestRegression" name="test_sos" time="1.746" /><testcase classname="tests.test_safety_community.TestLinkChecker" name="test_link_check_input_validation" time="0.141" /><testcase classname="tests.test_safety_community.TestCommunity" name="test_full_flow" time="0.844" /><testcase classname="tests.test_safety_community.TestRegression" name="test_emergency_contacts_crud" time="0.695" /><testcase classname="tests.test_safety_community.TestCommunity" name="test_post_requires_membership" time="0.564" /><testcase classname="tests.test_safety_community.TestCommunity" name="test_delete_others_post_forbidden" time="0.520" /><testcase classname="tests.test_safety_community.TestRegression" name="test_live_share" time="0.427" /><testcase classname="tests.test_safety_community.TestNearbyPolice" name="test_nearby_delhi" time="9.500" /><testcase classname="tests.test_safety_community.TestRegression" name="test_otp_request_whatsapp" time="0.654" /><testcase classname="tests.test_safety_community.TestNearbyPolice" name="test_nearby_ocean" time="4.362" /></testsuite></testsuites>