<?xml version="1.0" encoding="utf-8"?><testsuites name="pytest tests"><testsuite name="pytest" errors="0" failures="0" skipped="0" tests="22" time="6.887" timestamp="2026-08-09T17:10:34.544479+00:00" hostname="agent-env-aa92d784-209d-420b-95d4-7b624e9e3494"><testcase classname="tests.test_dealer_and_masked_call.TestDealerAuth" name="test_dealer_login_shape" time="0.335" /><testcase classname="tests.test_dealer_and_masked_call.TestDealerAuth" name="test_dealer_me" time="0.266" /><testcase classname="tests.test_web_flows.TestAuth" name="test_me" time="0.697" /><testcase classname="tests.test_dealer_and_masked_call.TestDealerAuth" name="test_dealer_inventory_scoping" time="0.103" /><testcase classname="tests.test_web_flows.TestAuth" name="test_login_bad_password" time="0.400" /><testcase classname="tests.test_dealer_and_masked_call.TestDealerAuth" name="test_dealer_cannot_access_admin" time="0.098" /><testcase classname="tests.test_dealer_and_masked_call.TestDealerAuth" name="test_owner_cannot_access_dealer" time="0.604" /><testcase classname="tests.test_web_flows.TestAuth" name="test_me_no_auth" time="0.212" /><testcase classname="tests.test_web_flows.TestVehicles" name="test_create_list_get_vehicle" time="0.522" /><testcase classname="tests.test_web_flows.TestVehicles" name="test_lost_mode" time="0.385" /><testcase classname="tests.test_web_flows.TestPublicQR" name="test_public_lookup" time="0.574" /><testcase classname="tests.test_web_flows.TestPublicQR" name="test_public_lookup_404" time="0.139" /><testcase classname="tests.test_web_flows.TestPublicQR" name="test_public_alert" time="0.840" /><testcase classname="tests.test_web_flows.TestVehicles" name="test_contacts_crud" time="0.397" /><testcase classname="tests.test_web_flows.TestAdmin" name="test_stats" time="0.667" /><testcase classname="tests.test_dealer_and_masked_call.TestAdminCreateDealerLogin" name="test_create_vendor_and_login" time="1.522" /><testcase classname="tests.test_web_flows.TestAdmin" name="test_users_list" time="0.103" /><testcase classname="tests.test_web_flows.TestAdmin" name="test_non_admin_forbidden" time="0.105" /><testcase classname="tests.test_dealer_and_masked_call.TestBrand" name="test_public_qr_endpoint_up" time="0.869" /><testcase classname="tests.test_dealer_and_masked_call.TestAdminCreateDealerLogin" name="test_create_account_duplicate_email" time="0.216" /><testcase classname="tests.test_dealer_and_masked_call.TestMaskedCall" name="test_call_returns_connecting_or_calling" time="0.955" /><testcase classname="tests.test_dealer_and_masked_call.TestMaskedCall" name="test_call_without_phone_needs_phone" time="0.706" /></testsuite></testsuites>