<?xml version="1.0" encoding="utf-8"?><testsuites name="pytest tests"><testsuite name="pytest" errors="0" failures="0" skipped="0" tests="19" time="7.253" timestamp="2026-08-10T17:15:47.913502+00:00" hostname="agent-env-aa92d784-209d-420b-95d4-7b624e9e3494"><testcase classname="tests.test_msg91_migration" name="test_no_twilio_references_in_backend" time="0.003" /><testcase classname="tests.test_msg91_migration" name="test_otp_request_returns_mock_dev_code" time="0.901" /><testcase classname="tests.test_msg91_migration" name="test_otp_verify_creates_user_and_returns_token" time="0.371" /><testcase classname="tests.test_msg91_migration" name="test_otp_verify_wrong_code_rejected" time="0.264" /><testcase classname="tests.test_msg91_migration" name="test_admin_telco_config_get" time="0.467" /><testcase classname="tests.test_msg91_migration" name="test_admin_telco_config_put" time="0.130" /><testcase classname="tests.test_msg91_migration" name="test_public_vehicle_masked_call_no_leak" time="0.664" /><testcase classname="tests.test_msg91_migration" name="test_public_incident_get_does_not_leak_owner_phone" time="0.266" /><testcase classname="tests.test_msg91_migration" name="test_public_tag_masked_call_no_leak" time="0.369" /><testcase classname="tests.test_msg91_migration" name="test_public_tag_page_no_guardian_phone_leak" time="0.403" /><testcase classname="tests.test_msg91_migration" name="test_public_tag_alert_kid_help_ok" time="0.407" /><testcase classname="tests.test_msg91_migration" name="test_role_logins[admin-creds0]" time="0.355" /><testcase classname="tests.test_msg91_migration" name="test_role_logins[owner-creds1]" time="0.351" /><testcase classname="tests.test_msg91_migration" name="test_role_logins[dealer-creds2]" time="0.359" /><testcase classname="tests.test_msg91_migration" name="test_role_logins[org-creds3]" time="0.374" /><testcase classname="tests.test_msg91_migration" name="test_owner_vehicles_list" time="0.110" /><testcase classname="tests.test_msg91_migration" name="test_owner_tags_list" time="0.127" /><testcase classname="tests.test_msg91_migration" name="test_admin_plans_support_contacts_orgs" time="0.504" /><testcase classname="tests.test_msg91_migration" name="test_sos_chunked_upload_flow" time="0.355" /></testsuite></testsuites>