<?xml version="1.0" encoding="utf-8"?><testsuites name="pytest tests"><testsuite name="pytest" errors="0" failures="0" skipped="0" tests="20" time="8.656" timestamp="2026-08-17T10:16:02.471951+00:00" hostname="agent-env-aa92d784-209d-420b-95d4-7b624e9e3494"><testcase classname="tests.test_safety_iter14.TestSafeZones" name="test_create_zone" time="0.459" /><testcase classname="tests.test_safety_iter14.TestSafeZones" name="test_list_zones_has_new" time="0.126" /><testcase classname="tests.test_safety_iter14.TestSafeZones" name="test_location_inside_triggers_enter" time="0.191" /><testcase classname="tests.test_safety_iter14.TestSafeZones" name="test_location_outside_triggers_exit" time="1.989" /><testcase classname="tests.test_safety_iter14.TestSafeZones" name="test_geofence_events_listed" time="0.127" /><testcase classname="tests.test_safety_iter14.TestSafeZones" name="test_delete_zone_clears_events" time="0.303" /><testcase classname="tests.test_safety_iter14.TestSOSPhoto" name="test_sos_with_photo" time="1.030" /><testcase classname="tests.test_safety_iter14.TestSOSPhoto" name="test_sos_without_photo" time="1.048" /><testcase classname="tests.test_safety_iter14.TestSOSPhoto" name="test_list_events_flag" time="0.164" /><testcase classname="tests.test_safety_iter14.TestSOSPhoto" name="test_get_photo_ok" time="0.120" /><testcase classname="tests.test_safety_iter14.TestSOSPhoto" name="test_get_photo_404" time="0.113" /><testcase classname="tests.test_safety_iter14.TestAudioEvidence" name="test_create" time="0.120" /><testcase classname="tests.test_safety_iter14.TestAudioEvidence" name="test_list_no_base64" time="0.117" /><testcase classname="tests.test_safety_iter14.TestAudioEvidence" name="test_play_returns_base64" time="0.107" /><testcase classname="tests.test_safety_iter14.TestAudioEvidence" name="test_delete" time="0.227" /><testcase classname="tests.test_safety_iter14.TestRegression" name="test_nearby_police" time="1.009" /><testcase classname="tests.test_safety_iter14.TestRegression" name="test_emergency_contacts_crud" time="0.361" /><testcase classname="tests.test_safety_iter14.TestRegression" name="test_live_share" time="0.237" /><testcase classname="tests.test_safety_iter14.TestRegression" name="test_community_get" time="0.121" /><testcase classname="tests.test_safety_iter14.TestRegression" name="test_otp_request" time="0.609" /></testsuite></testsuites>