<?xml version="1.0" encoding="utf-8"?><testsuites name="pytest tests"><testsuite name="pytest" errors="0" failures="0" skipped="0" tests="42" time="5.422" timestamp="2026-08-27T09:58:08.556506+00:00" hostname="agent-env-43855bce-9bdf-4b98-b5a8-1b47bec599fa"><testcase classname="tests.test_regression_iter7.TestAuth" name="test_health" time="0.243" /><testcase classname="tests.test_regression_iter7" name="test_page_endpoint_ok[/vehicles-dashboard]" time="0.768" /><testcase classname="tests.test_regression_iter7.TestAuth" name="test_demo_login_non_admin" time="0.496" /><testcase classname="tests.test_regression_iter7" name="test_page_endpoint_ok[/tags-tags]" time="0.072" /><testcase classname="tests.test_regression_iter7" name="test_page_endpoint_ok[/cards-cards]" time="0.281" /><testcase classname="tests.test_regression_iter7.TestAuth" name="test_admin_login_is_admin" time="0.352" /><testcase classname="tests.test_regression_iter7.TestAuth" name="test_me_persists" time="0.051" /><testcase classname="tests.test_regression_iter7" name="test_page_endpoint_ok[/family-family]" time="0.072" /><testcase classname="tests.test_regression_iter7.TestAuth" name="test_bad_password_rejected" time="0.384" /><testcase classname="tests.test_regression_iter7" name="test_page_endpoint_ok[/family/active-sos-family/global alarm]" time="0.071" /><testcase classname="tests.test_regression_iter7" name="test_page_endpoint_ok[/family/nudge-state-global alarm]" time="0.241" /><testcase classname="tests.test_regression_iter7" name="test_page_endpoint_ok[/family/check-ins-family]" time="0.112" /><testcase classname="tests.test_regression_iter7.TestAuth" name="test_me_requires_auth" time="0.239" /><testcase classname="tests.test_regression_iter7" name="test_page_endpoint_ok[/family/alert-rules-family]" time="0.069" /><testcase classname="tests.test_regression_iter7" name="test_page_endpoint_ok[/family/zones-family]" time="0.072" /><testcase classname="tests.test_regression_iter7" name="test_page_endpoint_ok[/me/safe-zones-safe-zones]" time="0.068" /><testcase classname="tests.test_regression_iter7.TestAuth" name="test_profile_edit_roundtrip" time="0.230" /><testcase classname="tests.test_regression_iter7" name="test_page_endpoint_ok[/me/geofence-events-safe-zones]" time="0.068" /><testcase classname="tests.test_regression_iter7" name="test_page_endpoint_ok[/alerts-alerts]" time="0.070" /><testcase classname="tests.test_regression_iter7" name="test_page_endpoint_ok[/circles/temp-circles]" time="0.112" /><testcase classname="tests.test_regression_iter7.TestSos" name="test_sos_creates_exactly_one_event_and_ack" time="0.439" /><testcase classname="tests.test_regression_iter7" name="test_page_endpoint_ok[/community-community]" time="0.111" /><testcase classname="tests.test_regression_iter7" name="test_page_endpoint_ok[/plans-subscription]" time="0.075" /><testcase classname="tests.test_regression_iter7" name="test_page_endpoint_ok[/subscriptions/me-subscription]" time="0.129" /><testcase classname="tests.test_regression_iter7" name="test_page_endpoint_ok[/devices-theft-protection]" time="0.119" /><testcase classname="tests.test_regression_iter7" name="test_page_endpoint_ok[/intruder-events-theft-protection]" time="0.071" /><testcase classname="tests.test_regression_iter7" name="test_page_endpoint_ok[/sim-events-theft-protection]" time="0.088" /><testcase classname="tests.test_regression_iter7" name="test_page_endpoint_ok[/me/emergency-contacts-safety]" time="0.068" /><testcase classname="tests.test_regression_iter7" name="test_page_endpoint_ok[/me/sos-events-safety]" time="0.068" /><testcase classname="tests.test_regression_iter7" name="test_page_endpoint_ok[/me/live-shares-safety]" time="0.069" /><testcase classname="tests.test_regression_iter7" name="test_page_endpoint_ok[/me/audio-evidence-safety]" time="0.067" /><testcase classname="tests.test_regression_iter7" name="test_page_endpoint_ok[/user/sos-videos-safety]" time="0.071" /><testcase classname="tests.test_regression_iter7" name="test_page_endpoint_ok[/summary-dashboard]" time="0.080" /><testcase classname="tests.test_regression_iter7" name="test_page_endpoint_ok[/blackspots-map]" time="0.076" /><testcase classname="tests.test_regression_iter7" name="test_page_endpoint_ok[/faqs-support]" time="0.070" /><testcase classname="tests.test_regression_iter7" name="test_page_endpoint_ok[/support/tickets/me-support]" time="0.071" /><testcase classname="tests.test_regression_iter7" name="test_incidents_endpoint" time="0.071" /><testcase classname="tests.test_regression_iter7" name="test_admin_stats" time="0.382" /><testcase classname="tests.test_regression_iter7" name="test_admin_endpoint_forbidden_for_demo" time="0.071" /><testcase classname="tests.test_regression_iter7" name="test_otp_request_live_no_dev_code" time="0.641" /><testcase classname="tests.test_regression_iter7" name="test_bcrypt_hash_format" time="0.073" /><testcase classname="tests.test_regression_iter7" name="test_cors_headers_present" time="0.091" /></testsuite></testsuites>