<?xml version="1.0" encoding="utf-8"?><testsuites name="pytest tests"><testsuite name="pytest" errors="0" failures="0" skipped="0" tests="27" time="16.174" timestamp="2026-08-17T11:20:36.086927+00:00" hostname="agent-env-aa92d784-209d-420b-95d4-7b624e9e3494"><testcase classname="tests.test_theft_family.TestTheft" name="test_device_crud" time="1.289" /><testcase classname="tests.test_theft_family.TestFamily" name="test_reset_state" time="1.011" /><testcase classname="tests.test_theft_family.TestFamily" name="test_create_and_join" time="0.333" /><testcase classname="tests.test_theft_family.TestTheft" name="test_intruder_below_threshold_does_not_lock" time="1.119" /><testcase classname="tests.test_theft_family.TestFamily" name="test_get_family_members" time="0.137" /><testcase classname="tests.test_theft_family.TestFamily" name="test_status_and_family_map" time="0.204" /><testcase classname="tests.test_theft_family.TestFamily" name="test_sharing_off_hides_location" time="0.223" /><testcase classname="tests.test_theft_family.TestFamily" name="test_activity_report_and_read" time="0.207" /><testcase classname="tests.test_theft_family.TestFamily" name="test_activity_sharing_off_blocks_storage" time="0.190" /><testcase classname="tests.test_theft_family.TestFamily" name="test_activity_forbidden_for_outsider" time="0.636" /><testcase classname="tests.test_theft_family.TestTheft" name="test_intruder_at_threshold_locks" time="1.353" /><testcase classname="tests.test_theft_family.TestFamily" name="test_guardian_remove_member" time="0.380" /><testcase classname="tests.test_theft_family.TestFamily" name="test_leave_guardian_dissolves" time="0.198" /><testcase classname="tests.test_theft_family.TestRegression" name="test_sos_trigger" time="0.968" /><testcase classname="tests.test_theft_family.TestTheft" name="test_intruder_events_list_no_raw_base64" time="0.067" /><testcase classname="tests.test_theft_family.TestTheft" name="test_intruder_photo_fetch" time="0.068" /><testcase classname="tests.test_theft_family.TestTheft" name="test_public_intruder_no_auth" time="0.115" /><testcase classname="tests.test_theft_family.TestTheft" name="test_admin_intruder_list" time="0.423" /><testcase classname="tests.test_theft_family.TestTheft" name="test_admin_intruder_forbidden_for_regular_user" time="0.067" /><testcase classname="tests.test_theft_family.TestRegression" name="test_emergency_contacts_crud" time="0.232" /><testcase classname="tests.test_theft_family.TestTheft" name="test_device_delete_cleanup" time="0.066" /><testcase classname="tests.test_theft_family.TestRegression" name="test_live_share" time="0.491" /><testcase classname="tests.test_theft_family.TestRegression" name="test_location_geofence" time="0.073" /><testcase classname="tests.test_theft_family.TestRegression" name="test_safe_zones_list" time="0.076" /><testcase classname="tests.test_theft_family.TestRegression" name="test_nearby_police" time="9.614" /><testcase classname="tests.test_theft_family.TestRegression" name="test_community_list" time="0.077" /><testcase classname="tests.test_theft_family.TestRegression" name="test_otp_request_whatsapp_live" time="0.595" /></testsuite></testsuites>