<?xml version="1.0" encoding="utf-8"?><testsuites name="pytest tests"><testsuite name="pytest" errors="0" failures="0" skipped="0" tests="11" time="7.047" timestamp="2026-09-02T07:56:10.050493+00:00" hostname="agent-env-43855bce-9bdf-4b98-b5a8-1b47bec599fa"><testcase classname="tests.test_vehicle_alert_fanout_iter13.TestCoreHealth" name="test_faqs" time="0.210" /><testcase classname="tests.test_vehicle_alert_fanout_iter13.TestCoreHealth" name="test_plans" time="0.071" /><testcase classname="tests.test_vehicle_alert_fanout_iter13.TestCoreHealth" name="test_admin_login_and_me" time="0.662" /><testcase classname="tests.test_vehicle_alert_fanout_iter13.TestVehicleAlertFanout" name="test_emergency_alert_sends_whatsapp_mock" time="3.369" /><testcase classname="tests.test_vehicle_alert_fanout_iter13.TestCoreHealth" name="test_demo_me" time="0.490" /><testcase classname="tests.test_vehicle_alert_fanout_iter13.TestCoreHealth" name="test_sos" time="0.143" /><testcase classname="tests.test_vehicle_alert_fanout_iter13.TestTagAlertRegression" name="test_tag_alert_still_works" time="2.263" /><testcase classname="tests.test_vehicle_alert_fanout_iter13.TestVehicleAlertFanout" name="test_wrong_parking_alert_sends_whatsapp_mock" time="2.158" /><testcase classname="tests.test_vehicle_alert_fanout_iter13.TestVehicleAlertFanout" name="test_alert_persisted_and_visible_to_owner" time="0.073" /><testcase classname="tests.test_vehicle_alert_fanout_iter13.TestVehicleAlertFanout" name="test_endpoint_fast_and_no_5xx_for_unknown_qr" time="0.304" /><testcase classname="tests.test_vehicle_alert_fanout_iter13.TestVehicleAlertFanout" name="test_invalid_type_rejected" time="0.125" /></testsuite></testsuites>