<?xml version="1.0" encoding="utf-8"?><testsuites name="pytest tests"><testsuite name="pytest" errors="5" failures="2" skipped="0" tests="39" time="8.282" timestamp="2026-08-09T19:21:57.899030+00:00" hostname="agent-env-aa92d784-209d-420b-95d4-7b624e9e3494"><testcase classname="tests.test_dealer_and_masked_call.TestDealerAuth" name="test_dealer_login_shape" time="0.727" /><testcase classname="tests.test_dealer_and_masked_call.TestDealerAuth" name="test_dealer_me" time="0.100" /><testcase classname="tests.test_car_qr_incidents.TestAdminQR" name="test_batches_list" time="0.874" /><testcase classname="tests.test_dealer_and_masked_call.TestDealerAuth" name="test_dealer_inventory_scoping" time="0.103" /><testcase classname="tests.test_car_qr_incidents.TestAdminQR" name="test_inventory_lists_serials" time="0.117" /><testcase classname="tests.test_dealer_and_masked_call.TestDealerAuth" name="test_dealer_cannot_access_admin" time="0.108" /><testcase classname="tests.test_car_qr_incidents.TestAdminQR" name="test_csv_export" time="0.116" /><testcase classname="tests.test_dealer_and_masked_call.TestDealerAuth" name="test_owner_cannot_access_dealer" time="0.451" /><testcase classname="tests.test_car_qr_incidents.TestAdminQR" name="test_stickers_html_public" time="0.383" /><testcase classname="tests.test_car_qr_incidents.TestAdminQR" name="test_block_and_unblock_serial" time="0.752" /><testcase classname="tests.test_car_qr_incidents.TestAdminQR" name="test_mark_sold_range" time="0.104" /><testcase classname="tests.test_car_qr_incidents.TestAdminIncidents" name="test_stats_and_list" time="0.097" /><testcase classname="tests.test_car_qr_incidents.TestAdminIncidents" name="test_filter_by_type" time="0.097" /><testcase classname="tests.test_car_qr_incidents.TestIncidentAccidentTheft" name="test_accident_creates_incident" time="1.679" /><testcase classname="tests.test_car_qr_incidents.TestAdminIncidents" name="test_admin_only" time="0.578" /><testcase classname="tests.test_car_qr_incidents.TestIncidentAccidentTheft" name="test_theft_creates_incident" time="0.530" /><testcase classname="tests.test_web_flows.TestAuth" name="test_me" time="0.488" /><testcase classname="tests.test_web_flows.TestAuth" name="test_login_bad_password" time="0.338" /><testcase classname="tests.test_car_qr_incidents.TestIncidentAccidentTheft" name="test_incident_bad_qr_404" time="0.247" /><testcase classname="tests.test_web_flows.TestAuth" name="test_me_no_auth" time="0.105" /><testcase classname="tests.test_web_flows.TestVehicles" name="test_create_list_get_vehicle" time="0.636" /><testcase classname="tests.test_web_flows.TestPublicQR" name="test_public_lookup" time="0.384" /><testcase classname="tests.test_web_flows.TestPublicQR" name="test_public_lookup_404" time="0.104" /><testcase classname="tests.test_web_flows.TestPublicQR" name="test_public_alert" time="0.714" /><testcase classname="tests.test_web_flows.TestVehicles" name="test_lost_mode" time="0.345" /><testcase classname="tests.test_web_flows.TestVehicles" name="test_contacts_crud" time="0.652" /><testcase classname="tests.test_web_flows.TestAdmin" name="test_stats" time="0.419" /><testcase classname="tests.test_web_flows.TestAdmin" name="test_users_list" time="0.105" /><testcase classname="tests.test_car_qr_incidents.TestAdminVendors" name="test_create_and_list_vendor" time="0.163"><error message="failed on setup with &quot;AssertionError: Admin login failed: {&quot;error&quot;:&quot;Rate limit exceeded: 10 per 1 minute&quot;}&#10;assert 429 == 200&#10; +  where 429 = &lt;Response [429]&gt;.status_code&quot;">backend/tests/test_car_qr_incidents.py:27: in admin_token
    assert r.status_code == 200, f"Admin login failed: {r.text}"
E   AssertionError: Admin login failed: {"error":"Rate limit exceeded: 10 per 1 minute"}
E   assert 429 == 200
E    +  where 429 = &lt;Response [429]&gt;.status_code</error></testcase><testcase classname="tests.test_car_qr_incidents.TestAdminVendors" name="test_vendor_summary" time="0.000"><error message="failed on setup with &quot;AssertionError: Admin login failed: {&quot;error&quot;:&quot;Rate limit exceeded: 10 per 1 minute&quot;}&#10;assert 429 == 200&#10; +  where 429 = &lt;Response [429]&gt;.status_code&quot;">backend/tests/test_car_qr_incidents.py:27: in admin_token
    assert r.status_code == 200, f"Admin login failed: {r.text}"
E   AssertionError: Admin login failed: {"error":"Rate limit exceeded: 10 per 1 minute"}
E   assert 429 == 200
E    +  where 429 = &lt;Response [429]&gt;.status_code</error></testcase><testcase classname="tests.test_car_qr_incidents.TestClaimActivation" name="test_claim_requires_auth" time="0.000"><error message="failed on setup with &quot;AssertionError: Admin login failed: {&quot;error&quot;:&quot;Rate limit exceeded: 10 per 1 minute&quot;}&#10;assert 429 == 200&#10; +  where 429 = &lt;Response [429]&gt;.status_code&quot;">backend/tests/test_car_qr_incidents.py:27: in admin_token
    assert r.status_code == 200, f"Admin login failed: {r.text}"
E   AssertionError: Admin login failed: {"error":"Rate limit exceeded: 10 per 1 minute"}
E   assert 429 == 200
E    +  where 429 = &lt;Response [429]&gt;.status_code</error></testcase><testcase classname="tests.test_web_flows.TestAdmin" name="test_non_admin_forbidden" time="0.146" /><testcase classname="tests.test_dealer_and_masked_call.TestAdminCreateDealerLogin" name="test_create_vendor_and_login" time="0.097"><failure message="AssertionError: login admin@safeqr.com -&gt; 429 {&quot;error&quot;:&quot;Rate limit exceeded: 10 per 1 minute&quot;}&#10;assert 429 == 200&#10; +  where 429 = &lt;Response [429]&gt;.status_code">backend/tests/test_dealer_and_masked_call.py:79: in test_create_vendor_and_login
    admin = _login(*ADMIN)["access_token"]
            ^^^^^^^^^^^^^^
backend/tests/test_dealer_and_masked_call.py:23: in _login
    assert r.status_code == 200, f"login {email} -&gt; {r.status_code} {r.text}"
E   AssertionError: login admin@safeqr.com -&gt; 429 {"error":"Rate limit exceeded: 10 per 1 minute"}
E   assert 429 == 200
E    +  where 429 = &lt;Response [429]&gt;.status_code</failure></testcase><testcase classname="tests.test_car_qr_incidents.TestClaimActivation" name="test_claim_double_conflict" time="0.195"><error message="failed on setup with &quot;AssertionError: {&quot;detail&quot;:&quot;Email already registered&quot;}&#10;assert 409 == 200&#10; +  where 409 = &lt;Response [409]&gt;.status_code&quot;">backend/tests/test_car_qr_incidents.py:38: in owner_token
    assert r.status_code == 200, r.text
E   AssertionError: {"detail":"Email already registered"}
E   assert 409 == 200
E    +  where 409 = &lt;Response [409]&gt;.status_code</error></testcase><testcase classname="tests.test_dealer_and_masked_call.TestAdminCreateDealerLogin" name="test_create_account_duplicate_email" time="0.099"><failure message="AssertionError: login admin@safeqr.com -&gt; 429 {&quot;error&quot;:&quot;Rate limit exceeded: 10 per 1 minute&quot;}&#10;assert 429 == 200&#10; +  where 429 = &lt;Response [429]&gt;.status_code">backend/tests/test_dealer_and_masked_call.py:106: in test_create_account_duplicate_email
    admin = _login(*ADMIN)["access_token"]
            ^^^^^^^^^^^^^^
backend/tests/test_dealer_and_masked_call.py:23: in _login
    assert r.status_code == 200, f"login {email} -&gt; {r.status_code} {r.text}"
E   AssertionError: login admin@safeqr.com -&gt; 429 {"error":"Rate limit exceeded: 10 per 1 minute"}
E   assert 429 == 200
E    +  where 429 = &lt;Response [429]&gt;.status_code</failure></testcase><testcase classname="tests.test_dealer_and_masked_call.TestMaskedCall" name="test_call_returns_connecting_or_calling" time="0.900" /><testcase classname="tests.test_car_qr_incidents.TestIncidentWrongParking" name="test_full_wrong_parking_lifecycle" time="0.328"><error message="failed on setup with &quot;AssertionError: {&quot;detail&quot;:&quot;Email already registered&quot;}&#10;assert 409 == 200&#10; +  where 409 = &lt;Response [409]&gt;.status_code&quot;">backend/tests/test_car_qr_incidents.py:38: in owner_token
    assert r.status_code == 200, r.text
E   AssertionError: {"detail":"Email already registered"}
E   assert 409 == 200
E    +  where 409 = &lt;Response [409]&gt;.status_code</error></testcase><testcase classname="tests.test_dealer_and_masked_call.TestMaskedCall" name="test_call_without_phone_needs_phone" time="0.689" /><testcase classname="tests.test_dealer_and_masked_call.TestBrand" name="test_public_qr_endpoint_up" time="0.199" /></testsuite></testsuites>