<?xml version="1.0" encoding="utf-8"?><testsuites name="pytest tests"><testsuite name="pytest" errors="0" failures="0" skipped="0" tests="8" time="6.408" timestamp="2026-08-09T20:36:21.761945+00:00" hostname="agent-env-aa92d784-209d-420b-95d4-7b624e9e3494"><testcase classname="tests.test_org_and_tag_edit" name="test_existing_school_login_and_org_me" time="0.473" /><testcase classname="tests.test_org_and_tag_edit" name="test_school_org_tags_lists_riya" time="0.478" /><testcase classname="tests.test_org_and_tag_edit" name="test_school_org_alerts_shape" time="0.441" /><testcase classname="tests.test_org_and_tag_edit" name="test_owner_cannot_access_org_endpoints" time="0.427" /><testcase classname="tests.test_org_and_tag_edit" name="test_org_cannot_access_owner_vehicles" time="0.450" /><testcase classname="tests.test_org_and_tag_edit" name="test_admin_orgs_list_includes_new" time="0.859" /><testcase classname="tests.test_org_and_tag_edit" name="test_org_account_login_and_full_flow" time="1.765" /><testcase classname="tests.test_org_and_tag_edit" name="test_login_response_never_leaks_password_hash" time="0.998" /></testsuite></testsuites>