<?xml version="1.0" encoding="utf-8"?><testsuites name="pytest tests"><testsuite name="pytest" errors="0" failures="0" skipped="0" tests="2" time="6.488" timestamp="2026-09-02T07:57:00.896228+00:00" hostname="agent-env-43855bce-9bdf-4b98-b5a8-1b47bec599fa"><testcase classname="tests.test_vehicle_alert_contacts_iter13" name="test_emergency_reaches_vehicle_contact" time="2.957" /><testcase classname="tests.test_vehicle_alert_contacts_iter13" name="test_parking_respects_opt_out" time="2.263" /></testsuite></testsuites>