<?xml version="1.0" encoding="utf-8"?><testsuites name="pytest tests"><testsuite name="pytest" errors="0" failures="0" skipped="0" tests="17" time="5.905" timestamp="2026-08-09T17:10:21.473712+00:00" hostname="agent-env-aa92d784-209d-420b-95d4-7b624e9e3494"><testcase classname="tests.test_car_qr_incidents.TestAdminQR" name="test_batches_list" time="0.964" /><testcase classname="tests.test_car_qr_incidents.TestAdminQR" name="test_inventory_lists_serials" time="0.144" /><testcase classname="tests.test_car_qr_incidents.TestAdminQR" name="test_csv_export" time="0.167" /><testcase classname="tests.test_car_qr_incidents.TestAdminQR" name="test_stickers_html_public" time="0.226" /><testcase classname="tests.test_car_qr_incidents.TestIncidentAccidentTheft" name="test_accident_creates_incident" time="2.116" /><testcase classname="tests.test_car_qr_incidents.TestAdminQR" name="test_block_and_unblock_serial" time="1.073" /><testcase classname="tests.test_car_qr_incidents.TestIncidentAccidentTheft" name="test_theft_creates_incident" time="0.306" /><testcase classname="tests.test_car_qr_incidents.TestIncidentAccidentTheft" name="test_incident_bad_qr_404" time="0.106" /><testcase classname="tests.test_car_qr_incidents.TestAdminVendors" name="test_create_and_list_vendor" time="0.205" /><testcase classname="tests.test_car_qr_incidents.TestAdminQR" name="test_mark_sold_range" time="0.102" /><testcase classname="tests.test_car_qr_incidents.TestAdminIncidents" name="test_stats_and_list" time="0.101" /><testcase classname="tests.test_car_qr_incidents.TestAdminVendors" name="test_vendor_summary" time="0.132" /><testcase classname="tests.test_car_qr_incidents.TestAdminIncidents" name="test_filter_by_type" time="0.099" /><testcase classname="tests.test_car_qr_incidents.TestClaimActivation" name="test_claim_requires_auth" time="0.095" /><testcase classname="tests.test_car_qr_incidents.TestClaimActivation" name="test_claim_double_conflict" time="0.249" /><testcase classname="tests.test_car_qr_incidents.TestAdminIncidents" name="test_admin_only" time="0.463" /><testcase classname="tests.test_car_qr_incidents.TestIncidentWrongParking" name="test_full_wrong_parking_lifecycle" time="1.951" /></testsuite></testsuites>