<?xml version="1.0" encoding="utf-8"?><testsuites name="pytest tests"><testsuite name="pytest" errors="0" failures="0" skipped="0" tests="20" time="31.080" timestamp="2026-08-31T10:19:16.511456+00:00" hostname="agent-env-43855bce-9bdf-4b98-b5a8-1b47bec599fa"><testcase classname="tests.test_api_liveness_iter12.TestAuth" name="test_demo_login" time="0.639" /><testcase classname="tests.test_api_liveness_iter12" name="test_authenticated_reads[/api/me/sos-events]" time="0.650" /><testcase classname="tests.test_api_liveness_iter12.TestAuth" name="test_admin_login" time="0.281" /><testcase classname="tests.test_api_liveness_iter12" name="test_authenticated_reads[/api/me/emergency-contacts]" time="0.283" /><testcase classname="tests.test_api_liveness_iter12.TestAuth" name="test_bad_body_is_422_not_404" time="0.056" /><testcase classname="tests.test_api_liveness_iter12" name="test_authenticated_reads[/api/family]" time="0.079" /><testcase classname="tests.test_api_liveness_iter12.TestAuth" name="test_wrong_password_401" time="0.320" /><testcase classname="tests.test_api_liveness_iter12" name="test_authenticated_reads[/api/vehicles]" time="0.256" /><testcase classname="tests.test_api_liveness_iter12" name="test_authenticated_reads[/api/tags]" time="0.118" /><testcase classname="tests.test_api_liveness_iter12" name="test_authenticated_reads[/api/cards]" time="0.204" /><testcase classname="tests.test_api_liveness_iter12.TestAuth" name="test_me" time="0.345" /><testcase classname="tests.test_api_liveness_iter12" name="test_authenticated_reads[/api/alerts]" time="0.080" /><testcase classname="tests.test_api_liveness_iter12.TestPublic" name="test_root" time="0.058" /><testcase classname="tests.test_api_liveness_iter12" name="test_authenticated_reads[/api/incidents]" time="0.118" /><testcase classname="tests.test_api_liveness_iter12.TestPublic" name="test_faqs" time="0.059" /><testcase classname="tests.test_api_liveness_iter12.TestPublic" name="test_plans" time="0.061" /><testcase classname="tests.test_api_liveness_iter12" name="test_authenticated_reads[/api/subscriptions/me]" time="0.078" /><testcase classname="tests.test_api_liveness_iter12.TestWrites" name="test_sos_create" time="0.236" /><testcase classname="tests.test_api_liveness_iter12" name="test_faqs_stability" time="28.383" /><testcase classname="tests.test_api_liveness_iter12.TestWrites" name="test_location_update" time="0.058" /></testsuite></testsuites>