<?xml version="1.0" encoding="utf-8"?><testsuites name="pytest tests"><testsuite name="pytest" errors="0" failures="1" skipped="0" tests="9" time="62.069" timestamp="2026-08-26T08:23:49.303943+00:00" hostname="agent-env-43855bce-9bdf-4b98-b5a8-1b47bec599fa"><testcase classname="tests.test_otp_login.TestOtpVerify" name="test_verify_creates_user_and_returns_jwt" time="0.775" /><testcase classname="tests.test_otp_login.TestEmailLogin" name="test_demo_user_login" time="0.244"><failure message="AssertionError: {&quot;detail&quot;:&quot;Incorrect email or password&quot;}&#10;assert 401 == 200&#10; +  where 401 = &lt;Response [401]&gt;.status_code">tests/test_otp_login.py:122: in test_demo_user_login
    assert r.status_code == 200, r.text
E   AssertionError: {"detail":"Incorrect email or password"}
E   assert 401 == 200
E    +  where 401 = &lt;Response [401]&gt;.status_code</failure></testcase><testcase classname="tests.test_otp_login.TestEmailLogin" name="test_admin_login" time="0.278" /><testcase classname="tests.test_otp_login.TestEmailLogin" name="test_bad_password_rejected" time="0.055" /><testcase classname="tests.test_otp_login.TestOtpRequest" name="test_request_returns_dev_code_in_mock_mode" time="0.058" /><testcase classname="tests.test_otp_login.TestOtpRequest" name="test_request_rejects_short_phone" time="0.053" /><testcase classname="tests.test_otp_login.TestOtpVerify" name="test_verify_wrong_code_rejected" time="0.106" /><testcase classname="tests.test_otp_login.TestOtpVerify" name="test_code_is_single_use" time="0.157" /><testcase classname="tests.test_otp_login.TestOtpVerify" name="test_repeat_login_same_phone_reuses_user" time="60.557" /></testsuite></testsuites>