<?xml version="1.0" encoding="utf-8"?><testsuites name="pytest tests"><testsuite name="pytest" errors="0" failures="0" skipped="0" tests="5" time="1.609" timestamp="2026-08-26T09:15:06.946609+00:00" hostname="agent-env-43855bce-9bdf-4b98-b5a8-1b47bec599fa"><testcase classname="tests.test_otp_live_whatsapp.TestEmailLoginRegression" name="test_demo_login_success" time="0.597" /><testcase classname="tests.test_otp_live_whatsapp.TestLiveOtpRequest" name="test_request_live_whatsapp_no_dev_code" time="1.003" /><testcase classname="tests.test_otp_live_whatsapp.TestEmailLoginRegression" name="test_login_wrong_password" time="0.291" /><testcase classname="tests.test_otp_live_whatsapp.TestLiveOtpRequest" name="test_request_rejects_short_phone" time="0.053" /><testcase classname="tests.test_otp_live_whatsapp.TestLiveOtpRequest" name="test_verify_rejects_wrong_code" time="0.054" /></testsuite></testsuites>