<?xml version="1.0" encoding="utf-8"?><testsuites name="pytest tests"><testsuite name="pytest" errors="0" failures="0" skipped="0" tests="12" time="3.581" timestamp="2026-08-09T10:05:40.991844+00:00" hostname="agent-env-aa92d784-209d-420b-95d4-7b624e9e3494"><testcase classname="tests.test_web_flows.TestAuth" name="test_me" time="0.442" /><testcase classname="tests.test_web_flows.TestAuth" name="test_login_bad_password" time="0.327" /><testcase classname="tests.test_web_flows.TestAuth" name="test_me_no_auth" time="0.102" /><testcase classname="tests.test_web_flows.TestVehicles" name="test_create_list_get_vehicle" time="0.288" /><testcase classname="tests.test_web_flows.TestVehicles" name="test_lost_mode" time="0.340" /><testcase classname="tests.test_web_flows.TestVehicles" name="test_contacts_crud" time="0.384" /><testcase classname="tests.test_web_flows.TestPublicQR" name="test_public_lookup" time="0.194" /><testcase classname="tests.test_web_flows.TestPublicQR" name="test_public_lookup_404" time="0.094" /><testcase classname="tests.test_web_flows.TestPublicQR" name="test_public_alert" time="0.727" /><testcase classname="tests.test_web_flows.TestAdmin" name="test_stats" time="0.412" /><testcase classname="tests.test_web_flows.TestAdmin" name="test_users_list" time="0.104" /><testcase classname="tests.test_web_flows.TestAdmin" name="test_non_admin_forbidden" time="0.097" /></testsuite></testsuites>